<?xml version="1.0" encoding="UTF-8"?>
<testsuite xmlns:xsi="http://www.w3.org/2001/XMLSchema-instance" xsi:noNamespaceSchemaLocation="https://maven.apache.org/surefire/maven-surefire-plugin/xsd/surefire-test-report.xsd" name="br.com.tacom.helloWorld.AppTest" time="0.061" tests="1" errors="0" skipped="0" failures="0">
  <properties>
    <property name="sun.desktop" value="windows"/>
    <property name="awt.toolkit" value="sun.awt.windows.WToolkit"/>
    <property name="file.encoding.pkg" value="sun.io"/>
    <property name="java.specification.version" value="1.8"/>
    <property name="sun.cpu.isalist" value="amd64"/>
    <property name="sun.jnu.encoding" value="Cp1252"/>
    <property name="java.class.path" value="C:\Tacom\Java\ides\java-2020-12-workspace\helloWorld\target\test-classes;C:\Tacom\Java\ides\java-2020-12-workspace\helloWorld\target\classes;C:\Users\fabiano.almeida\.m2\repository\junit\junit\4.11\junit-4.11.jar;C:\Users\fabiano.almeida\.m2\repository\org\hamcrest\hamcrest-core\1.3\hamcrest-core-1.3.jar;"/>
    <property name="java.vm.vendor" value="Oracle Corporation"/>
    <property name="sun.arch.data.model" value="64"/>
    <property name="user.variant" value=""/>
    <property name="java.vendor.url" value="http://java.oracle.com/"/>
    <property name="user.timezone" value="America/Sao_Paulo"/>
    <property name="java.vm.specification.version" value="1.8"/>
    <property name="os.name" value="Windows 10"/>
    <property name="user.country" value="BR"/>
    <property name="sun.java.launcher" value="SUN_STANDARD"/>
    <property name="sun.boot.library.path" value="C:\Tacom\Java\runtime\jdk1.8.0_281\jre\bin"/>
    <property name="sun.java.command" value="C:\Users\FABIAN~1.ALM\AppData\Local\Temp\surefire8505925779619015007\surefirebooter3805448707899952511.jar C:\Users\fabiano.almeida\AppData\Local\Temp\surefire8505925779619015007 2021-02-18T20-28-20_894-jvmRun1 surefire2867214126789362964tmp surefire_06942869525170476542tmp"/>
    <property name="surefire.test.class.path" value="C:\Tacom\Java\ides\java-2020-12-workspace\helloWorld\target\test-classes;C:\Tacom\Java\ides\java-2020-12-workspace\helloWorld\target\classes;C:\Users\fabiano.almeida\.m2\repository\junit\junit\4.11\junit-4.11.jar;C:\Users\fabiano.almeida\.m2\repository\org\hamcrest\hamcrest-core\1.3\hamcrest-core-1.3.jar;"/>
    <property name="sun.cpu.endian" value="little"/>
    <property name="user.home" value="C:\Users\fabiano.almeida"/>
    <property name="user.language" value="pt"/>
    <property name="java.specification.vendor" value="Oracle Corporation"/>
    <property name="java.home" value="C:\Tacom\Java\runtime\jdk1.8.0_281\jre"/>
    <property name="basedir" value="C:\Tacom\Java\ides\java-2020-12-workspace\helloWorld"/>
    <property name="file.separator" value="\"/>
    <property name="line.separator" value="&#10;"/>
    <property name="java.vm.specification.vendor" value="Oracle Corporation"/>
    <property name="java.specification.name" value="Java Platform API Specification"/>
    <property name="java.awt.graphicsenv" value="sun.awt.Win32GraphicsEnvironment"/>
    <property name="surefire.real.class.path" value="C:\Users\FABIAN~1.ALM\AppData\Local\Temp\surefire8505925779619015007\surefirebooter3805448707899952511.jar"/>
    <property name="sun.boot.class.path" value="C:\Tacom\Java\runtime\jdk1.8.0_281\jre\lib\resources.jar;C:\Tacom\Java\runtime\jdk1.8.0_281\jre\lib\rt.jar;C:\Tacom\Java\runtime\jdk1.8.0_281\jre\lib\sunrsasign.jar;C:\Tacom\Java\runtime\jdk1.8.0_281\jre\lib\jsse.jar;C:\Tacom\Java\runtime\jdk1.8.0_281\jre\lib\jce.jar;C:\Tacom\Java\runtime\jdk1.8.0_281\jre\lib\charsets.jar;C:\Tacom\Java\runtime\jdk1.8.0_281\jre\lib\jfr.jar;C:\Tacom\Java\runtime\jdk1.8.0_281\jre\classes"/>
    <property name="user.script" value=""/>
    <property name="sun.management.compiler" value="HotSpot 64-Bit Tiered Compilers"/>
    <property name="java.runtime.version" value="1.8.0_281-b09"/>
    <property name="user.name" value="fabiano.almeida"/>
    <property name="path.separator" value=";"/>
    <property name="os.version" value="10.0"/>
    <property name="java.endorsed.dirs" value="C:\Tacom\Java\runtime\jdk1.8.0_281\jre\lib\endorsed"/>
    <property name="java.runtime.name" value="Java(TM) SE Runtime Environment"/>
    <property name="file.encoding" value="Cp1252"/>
    <property name="java.vm.name" value="Java HotSpot(TM) 64-Bit Server VM"/>
    <property name="localRepository" value="C:\Users\fabiano.almeida\.m2\repository"/>
    <property name="java.vendor.url.bug" value="http://bugreport.sun.com/bugreport/"/>
    <property name="java.io.tmpdir" value="C:\Users\FABIAN~1.ALM\AppData\Local\Temp\"/>
    <property name="java.version" value="1.8.0_281"/>
    <property name="user.dir" value="C:\Tacom\Java\ides\java-2020-12-workspace\helloWorld"/>
    <property name="os.arch" value="amd64"/>
    <property name="java.vm.specification.name" value="Java Virtual Machine Specification"/>
    <property name="java.awt.printerjob" value="sun.awt.windows.WPrinterJob"/>
    <property name="sun.os.patch.level" value=""/>
    <property name="java.library.path" value="C:\Tacom\Java\runtime\jdk1.8.0_281\jre\bin;C:\Windows\Sun\Java\bin;C:\Windows\system32;C:\Windows;C:\Program Files (x86)\Intel\iCLS Client\;C:\Program Files\Intel\iCLS Client\;C:\Windows\system32;C:\Windows;C:\Windows\System32\Wbem;C:\Windows\System32\WindowsPowerShell\v1.0\;C:\Windows\System32\OpenSSH\;C:\Program Files (x86)\Intel\Intel(R) Management Engine Components\DAL;C:\Program Files\Intel\Intel(R) Management Engine Components\DAL;C:\Program Files (x86)\Intel\Intel(R) Management Engine Components\IPT;C:\Program Files\Intel\Intel(R) Management Engine Components\IPT;C:\Program Files\Docker\Docker\resources\bin;C:\ProgramData\DockerDesktop\version-bin;C:\Tacom\Java\runtime\jdk1.8.0_281\bin;C:\Tacom\Java\Servers\nodejs\;C:\Tacom\Java\Servicos\apache-maven-3.6.3\bin;C:\Users\fabiano.almeida\AppData\Local\Microsoft\WindowsApps;C:\Users\fabiano.almeida\AppData\Roaming\npm;."/>
    <property name="java.vm.info" value="mixed mode"/>
    <property name="java.vendor" value="Oracle Corporation"/>
    <property name="java.vm.version" value="25.281-b09"/>
    <property name="java.ext.dirs" value="C:\Tacom\Java\runtime\jdk1.8.0_281\jre\lib\ext;C:\Windows\Sun\Java\lib\ext"/>
    <property name="sun.io.unicode.encoding" value="UnicodeLittle"/>
    <property name="java.class.version" value="52.0"/>
  </properties>
  <testcase name="shouldAnswerWithTrue" classname="br.com.tacom.helloWorld.AppTest" time="0.003"/>
</testsuite>